### ISSUE TITLE
crash using Function.get_parameter_at()

### ISSUE THREAD

**Issue by withzombies** [Vector35/binaryninja-api#275]
I get a crash when trying to call Function.get_parameter_at(). It's a null deref, my script and the crash log are attached.

Here's the file I was analyzing:
[easy-biroldo-with-mayonnaise-on-multigrain.zip](https://github.com/Vector35/binaryninja-api/files/296810/easy-biroldo-with-mayonnaise-on-multigrain.zip)

```
#!/usr/bin/env python

import sys
try:
    import binaryninja
except ImportError:
    sys.path.append("/Applications/Binary Ninja.app/Contents/Resources/python/")
    import binaryninja
import time
import socket
import base64

chal = "easy-biroldo-with-mayonnaise-on-multigrain"

# Open a binary view to the challenge as an elf
print "Analyzing {0}".format(chal)
bv = binaryninja.BinaryViewType["ELF"].open(chal)
bv.update_analysis()
time.sleep(0.1)

# start at the entry point
print "Entry Point: {0:x}".format(bv.entry_point)
entry = bv.get_functions_at(bv.entry_point)[0] # Get the entry point as a function object
count = 0
start = None


print bv.arch.calling_conventions

# Iterate over the basic blocks in the entry function
for block in entry.low_level_il:
    # Iterate over the basic blocks getting il instructions
    for il in block:
        
        # We only care about calls
        if il.operation != binaryninja.core.LLIL_CALL:
            continue
    
        # The second call is the call to start
        count += 1
        if count == 2:
            start = bv.get_functions_at(il.operands[0].value)[0]
            break

print "start: {0}".format(start)

# Do the same thing with main, it's the first call in start
main = None
for block in start.low_level_il:
    for il in block:
        if il.operation != binaryninja.core.LLIL_CALL:
            continue

        main = bv.get_functions_at(il.operands[0].value)[0]

print "main: {0}".format(main)

# Collect all the call instructions in main
calls = []
for block in main.low_level_il:
    for il in block:
        if il.operation == binaryninja.core.LLIL_CALL:
            calls.append(il)

# If there are 5, then the memcmp is the second one. With 6 its the 3rd one.
if len(calls) == 5:
    read_buf = calls[0]
    memcmp = calls[1]
else:
    read_buf = calls[1]
    memcmp = calls[2]

print "memcmp address: {0:08x}".format(memcmp.address)


memcmp_func = bv.get_functions_at(memcmp.operands[0].value)[0]
canary_address = main.get_parameter_at(bv.arch, memcmp.address, memcmp_func.type, 1)
print canary_address
```

```
$ lldb python 334x_standalone.py
(lldb) target create "python"
Current executable set to 'python' (x86_64).
(lldb) settings set -- target.run-args  "334x_standalone.py"
(lldb) run 334x_standalone.py
Process 46726 launched: '/usr/local/bin/python' (x86_64)
Process 46726 stopped
* thread #1: tid = 0x47bb3a, 0x00007fff5fc01000 dyld`_dyld_start, stop reason = exec
    frame #0: 0x00007fff5fc01000 dyld`_dyld_start
dyld`_dyld_start:
->  0x7fff5fc01000 <+0>: pop    rdi
    0x7fff5fc01001 <+1>: push   0x0
    0x7fff5fc01003 <+3>: mov    rbp, rsp
    0x7fff5fc01006 <+6>: and    rsp, -0x10
(lldb) run
There is a running process, kill it and restart?: [Y/n] n
(lldb) c
Process 46726 resuming
Analyzing easy-biroldo-with-mayonnaise-on-multigrain
Entry Point: 80486b7
{'cdecl': <calling convention: x86 cdecl>, 'linux-syscall': <calling convention: x86 linux-syscall>}
start: <func: x86@0x8048420>
main: <func: x86@0x8048370>
memcmp address: 080483d0
Process 46726 stopped
* thread #1: tid = 0x47bb3a, 0x000000010504f524 libbinaryninjacore.dylib`___lldb_unnamed_function987$$libbinaryninjacore.dylib + 180, queue = 'com.apple.main-thread', stop reason = EXC_BAD_ACCESS (code=1, address=0x0)
    frame #0: 0x000000010504f524 libbinaryninjacore.dylib`___lldb_unnamed_function987$$libbinaryninjacore.dylib + 180
libbinaryninjacore.dylib`___lldb_unnamed_function987$$libbinaryninjacore.dylib:
->  0x10504f524 <+180>: mov    rax, qword ptr [r13]
    0x10504f528 <+184>: mov    rax, qword ptr [rax + 0x18]
    0x10504f52c <+188>: lea    rdi, [rbp - 0x60]
    0x10504f530 <+192>: mov    rsi, r13
(lldb) reg read
General Purpose Registers:
       rax = 0x0000000000000004
       rbx = 0x0000000000000001
       rcx = 0x0000000000000004
       rdx = 0x00000001003135d0
       rdi = 0x000000010078d300
       rsi = 0x000000010030e380
       rbp = 0x00007fff5fbfedd0
       rsp = 0x00007fff5fbfeca0
        r8 = 0x00007fff5fbfee20
        r9 = 0x00007fff5fbfedf0
       r10 = 0x00007fff5fbfee50
       r11 = 0x0000000105054750  libbinaryninjacore.dylib`BNGetParameterValueAtInstruction
       r12 = 0x000000010030e380
       r13 = 0x0000000000000000
       r14 = 0x00007fff5fbfee90
       r15 = 0x000000010030e3e0
       rip = 0x000000010504f524  libbinaryninjacore.dylib`___lldb_unnamed_function987$$libbinaryninjacore.dylib + 180
    rflags = 0x0000000000010202
        cs = 0x000000000000002b
        fs = 0x0000000000000000
        gs = 0x0000000000000000

(lldb) bt
* thread #1: tid = 0x47bb3a, 0x000000010504f524 libbinaryninjacore.dylib`___lldb_unnamed_function987$$libbinaryninjacore.dylib + 180, queue = 'com.apple.main-thread', stop reason = EXC_BAD_ACCESS (code=1, address=0x0)
  * frame #0: 0x000000010504f524 libbinaryninjacore.dylib`___lldb_unnamed_function987$$libbinaryninjacore.dylib + 180
    frame #1: 0x000000010504fb58 libbinaryninjacore.dylib`___lldb_unnamed_function988$$libbinaryninjacore.dylib + 152
    frame #2: 0x000000010505477e libbinaryninjacore.dylib`BNGetParameterValueAtInstruction + 46
    frame #3: 0x0000000101fb07ef _ctypes.so`ffi_call_unix64 + 79
    frame #4: 0x0000000101fb1024 _ctypes.so`ffi_call + 836
    frame #5: 0x0000000101fac63f _ctypes.so`_ctypes_callproc + 591
    frame #6: 0x0000000101fa6c60 _ctypes.so`PyCFuncPtr_call + 1049
    frame #7: 0x000000010000eeb0 Python`PyObject_Call + 99
    frame #8: 0x000000010008ea27 Python`PyEval_EvalFrameEx + 26436
    frame #9: 0x000000010009272d Python`fast_function + 264
    frame #10: 0x000000010008eaf3 Python`PyEval_EvalFrameEx + 26640
    frame #11: 0x00000001000880f1 Python`PyEval_EvalCodeEx + 1583
    frame #12: 0x0000000100087abc Python`PyEval_EvalCode + 54
    frame #13: 0x00000001000abea1 Python`run_mod + 53
    frame #14: 0x00000001000abf44 Python`PyRun_FileExFlags + 133
    frame #15: 0x00000001000aba93 Python`PyRun_SimpleFileExFlags + 698
    frame #16: 0x00000001000bd445 Python`Py_Main + 3137
    frame #17: 0x00007fff982145ad libdyld.dylib`start + 1
    frame #18: 0x00007fff982145ad libdyld.dylib`start + 1
(lldb)
```

**Comment by D0ntPanic** [comment]
Fixed in development
