### ISSUE TITLE
Incorrect value calculated for x86_64 ROR

### ISSUE THREAD

**Issue by KarlVogel** [Vector35/binaryninja-api#8237]
**Version and Platform (required):**
- Binary Ninja Version: 5.4.9745-dev Personal, 358aa522
- OS: fedora
- OS Version: 44
- CPU Architecture: x86_64

**Bug Description:**

The value is incorrectly calculated in MLIL:

```asm
global _start

_start:
mov rax,1 << 9
mov rdi,2
; both 0x8b or 0x8b=>11 fail (x86 does modulo size % 64)
;ror rax,0x8b  
ror rax,0x8b % 64
adc rdi,rax

;sys_exit(rdi)
mov rax, 60
syscall
```

Binaryninja will show the wrong calculated value in the MLIL view:

`rdi = (adc.q(2, 0x4000000000000000, c)).d`

Same when the constant in the ROR  is larger than the register size. 

**Steps To Reproduce:**

```sh
nasm -f elf64 testror.asm && ld -Ttext 0x400080 -o testror testror.o
./testror ; echo "Should be 2:  $?"
Should be 2:  2
```

**Expected Behavior:**

RAX should be 0 after the ROR:

```gdb
=> 0x400080 <_start>:	mov    $0x200,%eax
0x0000000000400085 in _start ()
RAX: 0000000000000200     RDI: 0000000000000000
$2 = [ IF ]
=> 0x400085 <_start+5>:	mov    $0x2,%edi
0x000000000040008a in _start ()
RAX: 0000000000000200     RDI: 0000000000000002
$3 = [ IF ]
=> 0x40008a <_start+10>:	ror    $0xb,%rax
0x000000000040008e in _start ()
RAX: 0000000000000000     RDI: 0000000000000002
^^^^^^^^^^^^^^^^^^^^

$4 = [ IF OF ]
=> 0x40008e <_start+14>:	adc    %rax,%rdi
0x0000000000400091 in _start ()
RAX: 0000000000000000     RDI: 0000000000000002
```

**Additional Information:**

BN also can't resolve the carry flag in this instance, while it should be able to if it knows both values of the ROR.

Currently produces:
```
   3 @ 0040008d  temp0.q = rax
   4 @ 0040008d  rax = ror.q(rax, 0xb)
   5 @ 0040008d  flag:c = unimplemented
```

carry flag could be calculated with following LLIL:
```
   3 @ 0040008d  temp0.q = rax
   4 @ 0040008d  rax = ror.q(rax, 0xb)
   5 @ 0040008d  flag:c = test_bit(temp0.q, 0xa)
```

**Comment by negasora** [comment]
It does look like we're calculating the value correctly:
```
0x000000000040008e in _start ()
LEGEND: STACK | HEAP | CODE | DATA | WX | RODATA
───────────────────────[ REGISTERS / show-flags off / show-compact-regs off ]────────────────────────
*RAX  0x4000000000000000
 RBX  0
 RCX  0
 RDX  0
 RDI  2
 RSI  0
 R8   0
 R9   0
 R10  0
 R11  0
 R12  0
 R13  0
 R14  0
 R15  0
 RBP  0
 RSP  0x7fffffffe690 ◂— 1
*RIP  0x40008e (_start+14) ◂— adc rdi, rax
────────────────────────────────[ DISASM / x86-64 / set emulate on ]─────────────────────────────────
   0x400080 <_start>       mov    eax, 0x200             EAX => 0x200
   0x400085 <_start+5>     mov    edi, 2                 EDI => 2
   0x40008a <_start+10>    ror    rax, 0xb
 ► 0x40008e <_start+14>    adc    rdi, rax
   0x400091 <_start+17>    mov    eax, 0x3c              EAX => 0x3c
   0x400096 <_start+22>    syscall <SYS_exit>
   0x400098                add    byte ptr [rax], al
   0x40009a                add    byte ptr [rax], al
   0x40009c                add    byte ptr [rax], al
   0x40009e                add    byte ptr [rax], al
   0x4000a0                add    byte ptr [rax], al
```

The carry flag issue is tracked by https://github.com/Vector35/binaryninja-api/issues/4044
